<?xml version="1.0" encoding="UTF-8"?>
<testng-results skipped="0" failed="0" ignored="0" total="1" passed="1">
  <reporter-output>
  </reporter-output>
  <suite name="SuiteMyntra" duration-ms="55807" started-at="2018-04-29T19:02:20Z" finished-at="2018-04-29T19:03:16Z">
    <groups>
    </groups>
    <test name="TestMyntra" duration-ms="55807" started-at="2018-04-29T19:02:20Z" finished-at="2018-04-29T19:03:16Z">
      <class name="myntraTestCases.TC01_MyntraSearchProduct">
        <test-method status="PASS" signature="beforeSuite()[pri:0, instance:myntraTestCases.TC01_MyntraSearchProduct@1ca901e]" name="beforeSuite" is-config="true" duration-ms="3250" started-at="2018-04-30T00:32:17Z" finished-at="2018-04-30T00:32:20Z">
          <reporter-output>
          </reporter-output>
        </test-method> <!-- beforeSuite -->
        <test-method status="PASS" signature="setData()[pri:0, instance:myntraTestCases.TC01_MyntraSearchProduct@1ca901e]" name="setData" is-config="true" duration-ms="1" started-at="2018-04-30T00:32:20Z" finished-at="2018-04-30T00:32:20Z">
          <reporter-output>
          </reporter-output>
        </test-method> <!-- setData -->
        <test-method status="PASS" signature="beforeClass()[pri:0, instance:myntraTestCases.TC01_MyntraSearchProduct@1ca901e]" name="beforeClass" is-config="true" duration-ms="3" started-at="2018-04-30T00:32:20Z" finished-at="2018-04-30T00:32:20Z">
          <reporter-output>
          </reporter-output>
        </test-method> <!-- beforeClass -->
        <test-method status="PASS" signature="beforeMethod()[pri:0, instance:myntraTestCases.TC01_MyntraSearchProduct@1ca901e]" name="beforeMethod" is-config="true" duration-ms="16426" started-at="2018-04-30T00:32:22Z" finished-at="2018-04-30T00:32:38Z">
          <reporter-output>
          </reporter-output>
        </test-method> <!-- beforeMethod -->
        <test-method status="PASS" signature="searchInMyntra(java.lang.String)[pri:0, instance:myntraTestCases.TC01_MyntraSearchProduct@1ca901e]" name="searchInMyntra" duration-ms="35919" started-at="2018-04-30T00:32:38Z" data-provider="fetchData" finished-at="2018-04-30T00:33:14Z">
          <params>
            <param index="0">
              <value>
                <![CDATA[sunglasses]]>
              </value>
            </param>
          </params>
          <reporter-output>
          </reporter-output>
        </test-method> <!-- searchInMyntra -->
        <test-method status="PASS" signature="afterMethod()[pri:0, instance:myntraTestCases.TC01_MyntraSearchProduct@1ca901e]" name="afterMethod" is-config="true" duration-ms="1540" started-at="2018-04-30T00:33:14Z" finished-at="2018-04-30T00:33:16Z">
          <reporter-output>
          </reporter-output>
        </test-method> <!-- afterMethod -->
        <test-method status="PASS" signature="afterTest()[pri:0, instance:myntraTestCases.TC01_MyntraSearchProduct@1ca901e]" name="afterTest" is-config="true" duration-ms="1" started-at="2018-04-30T00:33:16Z" finished-at="2018-04-30T00:33:16Z">
          <reporter-output>
          </reporter-output>
        </test-method> <!-- afterTest -->
        <test-method status="PASS" signature="afterSuite()[pri:0, instance:myntraTestCases.TC01_MyntraSearchProduct@1ca901e]" name="afterSuite" is-config="true" duration-ms="1304" started-at="2018-04-30T00:33:16Z" finished-at="2018-04-30T00:33:17Z">
          <reporter-output>
          </reporter-output>
        </test-method> <!-- afterSuite -->
      </class> <!-- myntraTestCases.TC01_MyntraSearchProduct -->
    </test> <!-- TestMyntra -->
  </suite> <!-- SuiteMyntra -->
</testng-results>
